#
# A fatal error has been detected by the Java Runtime Environment:
#
#  EXCEPTION_ACCESS_VIOLATION (0xc0000005) at pc=0x00007ffc3fb9e0f3, pid=1172, tid=7604
#
# JRE version: OpenJDK Runtime Environment (14.0.2+12) (build 14.0.2+12-46)
# Java VM: OpenJDK 64-Bit Server VM (14.0.2+12-46, mixed mode, tiered, compressed oops, g1 gc, windows-amd64)
# Problematic frame:
# V  [jvm.dll+0x2ee0f3]
#
# No core dump will be written. Minidumps are not enabled by default on client versions of Windows
#
# If you would like to submit a bug report, please visit:
#   https://bugreport.java.com/bugreport/crash.jsp
#

---------------  S U M M A R Y ------------

Command Line: -XX:+ShowCodeDetailsInExceptionMessages -agentlib:jdwp=transport=dt_socket,suspend=y,address=localhost:50907 -javaagent:C:\Users\Muhamed Smajevic\eclipse\modeling-2020-09\eclipse\configuration\org.eclipse.osgi\583\0\.cp\lib\javaagent-shaded.jar -Dfile.encoding=UTF-8 at.ac.tuwien.big.msm.cmgba.graphml.Main3

Host: Intel(R) Core(TM) i7-10700K CPU @ 3.80GHz, 16 cores, 31G,  Windows 10 , 64 bit Build 19041 (10.0.19041.292)
Time: Wed Oct  7 23:59:35 2020 W. Europe Daylight Time elapsed time: 1137 seconds (0d 0h 18m 57s)

---------------  T H R E A D  ---------------

Current thread (0x00000296f4f37000):  JavaThread "JDWP Transport Listener: dt_socket" daemon [_thread_in_vm, id=7604, stack(0x000000cb82400000,0x000000cb82500000)] _threads_hazard_ptr=0x00000296f63e21e0

Stack: [0x000000cb82400000,0x000000cb82500000],  sp=0x000000cb824fec90,  free space=1019k
Native frames: (J=compiled Java code, j=interpreted, Vv=VM code, C=native code)
V  [jvm.dll+0x2ee0f3]
V  [jvm.dll+0x2f1fac]
V  [jvm.dll+0x2f248c]
V  [jvm.dll+0x2ee3c2]
V  [jvm.dll+0x5e7b55]
V  [jvm.dll+0x5e78dd]
V  [jvm.dll+0x5af8e3]
V  [jvm.dll+0x739aef]
V  [jvm.dll+0x4bee61]
V  [jvm.dll+0x74908b]
V  [jvm.dll+0x4a54ee]
V  [jvm.dll+0x46ee7b]
C  [jdwp.dll+0x7bbc]


siginfo: EXCEPTION_ACCESS_VIOLATION (0xc0000005), reading address 0xffffffffffffffff


Register to memory mapping:

RIP=0x00007ffc3fb9e0f3 jvm.dll
RAX=0x00000296f6302e00 points into unknown readable memory: 01 00 00 00 00 00 00 00
RBX=0x000000cb824fee60 is pointing into the stack for thread: 0x00000296f4f37000
RCX=0x000000cb824feed0 is pointing into the stack for thread: 0x00000296f4f37000
RDX=0xffffffffffffcac5 is an unknown value
RSP=0x000000cb824fec90 is pointing into the stack for thread: 0x00000296f4f37000
RBP=0x00007ffc3fb9e0d0 jvm.dll
RSI=0x0 is NULL
RDI=0x00000000000000a7 is an unknown value
R8 =0x03ffffffffffff2b is an unknown value
R9 =0x0000000000000005 is an unknown value
R10=0x0 is NULL
R11=0x0 is NULL
R12=0x0000000000000001 is an unknown value
R13=0x00007ffc3f8b0000 jvm.dll
R14=0x00000296f5999ad0 is pointing into metadata
R15=0x00000000000000b0 is an unknown value


Registers:
RAX=0x00000296f6302e00, RBX=0x000000cb824fee60, RCX=0x000000cb824feed0, RDX=0xffffffffffffcac5
RSP=0x000000cb824fec90, RBP=0x00007ffc3fb9e0d0, RSI=0x0000000000000000, RDI=0x00000000000000a7
R8 =0x03ffffffffffff2b, R9 =0x0000000000000005, R10=0x0000000000000000, R11=0x0000000000000000
R12=0x0000000000000001, R13=0x00007ffc3f8b0000, R14=0x00000296f5999ad0, R15=0x00000000000000b0
RIP=0x00007ffc3fb9e0f3, EFLAGS=0x0000000000010a06

Top of Stack: (sp=0x000000cb824fec90)
0x000000cb824fec90:   00000296f4f33780 00007ffc3fa75447
0x000000cb824feca0:   00000296f5999dea 00007ffc3fbb350a
0x000000cb824fecb0:   000000cb824fee60 00007ffc3fba1fac
0x000000cb824fecc0:   000000cb824fee60 00000296f4f37000
0x000000cb824fecd0:   000000cb824fed30 00007ffc3f9b8d6e
0x000000cb824fece0:   00000296f5999de8 000000cb824feed0
0x000000cb824fecf0:   00000296f6309ac8 00000296f5999ad0
0x000000cb824fed00:   00000000000000a7 00007ffc3fba248c
0x000000cb824fed10:   000000cb824fee60 00000000000000b0
0x000000cb824fed20:   00000000000000a7 0000000000000000
0x000000cb824fed30:   00000296f5999de8 00000296f4f37000
0x000000cb824fed40:   000000b3000000b0 000000a700000253
0x000000cb824fed50:   0000025300000000 ffffffff000000a7
0x000000cb824fed60:   00000296f6309ac8 0000000000000000
0x000000cb824fed70:   0000000000000000 00000000000083b0
0x000000cb824fed80:   00000296f6302db0 00007ffc3fb9e3c2 

Instructions: (pc=0x00007ffc3fb9e0f3)
0x00007ffc3fb9dff3:   84 b4 00 00 00 48 8b 5b 10 48 85 db 75 ef 33 d2
0x00007ffc3fb9e003:   8d 4a 18 e8 65 39 36 00 48 8b d8 48 85 c0 0f 84
0x00007ffc3fb9e013:   8e 00 00 00 33 d2 48 89 6c 24 48 49 8b 2e 48 89
0x00007ffc3fb9e023:   74 24 50 89 38 8d 4a 20 e8 40 39 36 00 33 ff 48
0x00007ffc3fb9e033:   8b f0 48 85 c0 74 54 8b 0d 38 23 6d 00 8d 57 08
0x00007ffc3fb9e043:   89 48 04 48 8b c8 89 38 c7 40 10 08 00 00 00 48
0x00007ffc3fb9e053:   89 78 08 e8 45 4e 01 00 48 89 46 18 39 7e 04 7e
0x00007ffc3fb9e063:   2d 0f 1f 40 00 0f 1f 84 00 00 00 00 00 48 8b 46
0x00007ffc3fb9e073:   18 48 63 cf 48 8d 14 c8 48 85 d2 74 05 33 c0 48
0x00007ffc3fb9e083:   89 02 ff c7 3b 7e 04 7c e4 eb 03 48 8b f7 48 89
0x00007ffc3fb9e093:   73 08 48 8b 74 24 50 48 89 6b 10 48 8b 6c 24 48
0x00007ffc3fb9e0a3:   eb 04 33 ff 8b df 49 89 1e 48 8b 4b 08 48 8d 54
0x00007ffc3fb9e0b3:   24 40 4c 89 7c 24 40 e8 e1 8b dc ff 48 8b 5c 24
0x00007ffc3fb9e0c3:   58 48 83 c4 20 41 5f 41 5e 5f c3 cc cc 40 53 48
0x00007ffc3fb9e0d3:   83 ec 20 48 63 d2 48 8b d9 0f b6 c2 48 83 c1 70
0x00007ffc3fb9e0e3:   24 3f 4c 8b c2 44 0f b6 c8 49 c1 e8 06 48 8b 01
0x00007ffc3fb9e0f3:   4e 8b 04 c0 4d 0f a3 c8 72 0b 41 b0 01 e8 6b f9
0x00007ffc3fb9e103:   e0 ff ff 43 6c 48 83 c4 20 5b c3 cc cc 8b c2 4c
0x00007ffc3fb9e113:   8b d1 41 33 c0 a9 00 00 00 f0 0f 84 ca 00 00 00
0x00007ffc3fb9e123:   44 8b ca 8b c2 41 c1 e9 1d b9 72 00 00 00 41 80
0x00007ffc3fb9e133:   e1 01 c1 e8 1e 44 8d 59 ae a8 01 74 1a 45 84 c9
0x00007ffc3fb9e143:   75 0d c1 ea 1c f6 c2 01 75 05 44 8b c9 eb 35 41
0x00007ffc3fb9e153:   b9 23 00 00 00 eb 2d 45 84 c9 74 08 41 b9 76 00
0x00007ffc3fb9e163:   00 00 eb 20 8b c2 c1 e8 1c a8 01 74 08 41 b9 70
0x00007ffc3fb9e173:   00 00 00 eb 0f c1 ea 1f 41 b9 40 00 00 00 84 d2
0x00007ffc3fb9e183:   45 0f 45 cb 41 8b d0 41 8b c0 c1 ea 1d 80 e2 01
0x00007ffc3fb9e193:   c1 e8 1e a8 01 74 15 84 d2 75 0a 41 c1 e8 1c 41
0x00007ffc3fb9e1a3:   f6 c0 01 74 33 b9 23 00 00 00 eb 2c 84 d2 74 07
0x00007ffc3fb9e1b3:   b9 76 00 00 00 eb 21 41 8b c0 c1 e8 1c a8 01 74
0x00007ffc3fb9e1c3:   07 b9 70 00 00 00 eb 10 41 c1 e8 1f b9 40 00 00
0x00007ffc3fb9e1d3:   00 45 84 c0 41 0f 45 cb 44 8b c1 48 8d 15 43 79
0x00007ffc3fb9e1e3:   56 00 49 8b ca e9 f3 5b 00 00 c3 cc cc 48 89 5c 


Stack slot to memory mapping:
stack at sp + 0 slots: 0x00000296f4f33780 points into unknown readable memory: 00 9a 1c 20 06 00 00 00
stack at sp + 1 slots: 0x00007ffc3fa75447 jvm.dll
stack at sp + 2 slots: 0x00000296f5999dea is pointing into metadata
stack at sp + 3 slots: 0x00007ffc3fbb350a jvm.dll
stack at sp + 4 slots: 0x000000cb824fee60 is pointing into the stack for thread: 0x00000296f4f37000
stack at sp + 5 slots: 0x00007ffc3fba1fac jvm.dll
stack at sp + 6 slots: 0x000000cb824fee60 is pointing into the stack for thread: 0x00000296f4f37000
stack at sp + 7 slots: 0x00000296f4f37000 is a thread


---------------  P R O C E S S  ---------------

Threads class SMR info:
_java_thread_list=0x00000296f63e21e0, length=15, elements={
0x00000296caaeb800, 0x00000296f4ab9800, 0x00000296f4aba800, 0x00000296f4adf800,
0x00000296f4ae2800, 0x00000296f4ae6000, 0x00000296f4aed800, 0x00000296f4af7800,
0x00000296f4b0c800, 0x00000296f4a3d000, 0x00000296f4f37000, 0x00000296f4f4c800,
0x00000296f4f55800, 0x00000296f5134800, 0x00000296f561e000
}

Java Threads: ( => current thread )
  0x00000296caaeb800 JavaThread "main" [_thread_blocked, id=7468, stack(0x000000cb81100000,0x000000cb81200000)]
  0x00000296f4ab9800 JavaThread "Reference Handler" daemon [_thread_blocked, id=6380, stack(0x000000cb81800000,0x000000cb81900000)]
  0x00000296f4aba800 JavaThread "Finalizer" daemon [_thread_blocked, id=2036, stack(0x000000cb81900000,0x000000cb81a00000)]
  0x00000296f4adf800 JavaThread "Signal Dispatcher" daemon [_thread_blocked, id=9676, stack(0x000000cb81a00000,0x000000cb81b00000)]
  0x00000296f4ae2800 JavaThread "Attach Listener" daemon [_thread_blocked, id=4736, stack(0x000000cb81b00000,0x000000cb81c00000)]
  0x00000296f4ae6000 JavaThread "Service Thread" daemon [_thread_blocked, id=10064, stack(0x000000cb81c00000,0x000000cb81d00000)]
  0x00000296f4aed800 JavaThread "C2 CompilerThread0" daemon [_thread_blocked, id=11972, stack(0x000000cb81d00000,0x000000cb81e00000)]
  0x00000296f4af7800 JavaThread "C1 CompilerThread0" daemon [_thread_blocked, id=10996, stack(0x000000cb81e00000,0x000000cb81f00000)]
  0x00000296f4b0c800 JavaThread "Sweeper thread" daemon [_thread_blocked, id=10792, stack(0x000000cb81f00000,0x000000cb82000000)]
  0x00000296f4a3d000 JavaThread "Common-Cleaner" daemon [_thread_blocked, id=4104, stack(0x000000cb82000000,0x000000cb82100000)]
=>0x00000296f4f37000 JavaThread "JDWP Transport Listener: dt_socket" daemon [_thread_in_vm, id=7604, stack(0x000000cb82400000,0x000000cb82500000)]
  0x00000296f4f4c800 JavaThread "JDWP Event Helper Thread" daemon [_thread_blocked, id=3940, stack(0x000000cb82500000,0x000000cb82600000)]
  0x00000296f4f55800 JavaThread "JDWP Command Reader" daemon [_thread_in_native, id=7876, stack(0x000000cb82600000,0x000000cb82700000)]
  0x00000296f5134800 JavaThread "Notification Thread" daemon [_thread_blocked, id=13344, stack(0x000000cb82700000,0x000000cb82800000)]
  0x00000296f561e000 JavaThread "EMF Reference Cleaner" daemon [_thread_blocked, id=6176, stack(0x000000cb82c00000,0x000000cb82d00000)]

Other Threads:
  0x00000296f4a9f800 VMThread "VM Thread" [stack: 0x000000cb81700000,0x000000cb81800000] [id=5644]
  0x00000296f5135000 WatcherThread [stack: 0x000000cb82800000,0x000000cb82900000] [id=1744]
  0x00000296cab71000 GCTaskThread "GC Thread#0" [stack: 0x000000cb81200000,0x000000cb81300000] [id=3612]
  0x00000296f6548800 GCTaskThread "GC Thread#1" [stack: 0x000000cb82d00000,0x000000cb82e00000] [id=10716]
  0x00000296f5ba5000 GCTaskThread "GC Thread#2" [stack: 0x000000cb82e00000,0x000000cb82f00000] [id=6368]
  0x00000296f5ba6000 GCTaskThread "GC Thread#3" [stack: 0x000000cb82f00000,0x000000cb83000000] [id=3516]
  0x00000296f5506000 GCTaskThread "GC Thread#4" [stack: 0x000000cb83000000,0x000000cb83100000] [id=964]
  0x00000296f5506800 GCTaskThread "GC Thread#5" [stack: 0x000000cb83100000,0x000000cb83200000] [id=7696]
  0x00000296f618a800 GCTaskThread "GC Thread#6" [stack: 0x000000cb83200000,0x000000cb83300000] [id=4496]
  0x00000296f618b000 GCTaskThread "GC Thread#7" [stack: 0x000000cb83300000,0x000000cb83400000] [id=7660]
  0x00000296f618c000 GCTaskThread "GC Thread#8" [stack: 0x000000cb83400000,0x000000cb83500000] [id=14264]
  0x00000296f5427800 GCTaskThread "GC Thread#9" [stack: 0x000000cb83500000,0x000000cb83600000] [id=4032]
  0x00000296f5428000 GCTaskThread "GC Thread#10" [stack: 0x000000cb83600000,0x000000cb83700000] [id=12268]
  0x00000296f5428800 GCTaskThread "GC Thread#11" [stack: 0x000000cb83700000,0x000000cb83800000] [id=7084]
  0x00000296cab94000 ConcurrentGCThread "G1 Main Marker" [stack: 0x000000cb81300000,0x000000cb81400000] [id=4040]
  0x00000296cab95800 ConcurrentGCThread "G1 Conc#0" [stack: 0x000000cb81400000,0x000000cb81500000] [id=5696]
  0x00000296f350f800 ConcurrentGCThread "G1 Refine#0" [stack: 0x000000cb81500000,0x000000cb81600000] [id=9360]
  0x00000296f3511800 ConcurrentGCThread "G1 Young RemSet Sampling" [stack: 0x000000cb81600000,0x000000cb81700000] [id=11152]

Threads with active compile tasks:

VM state:not at safepoint (normal execution)

VM Mutex/Monitor currently owned by a thread: None

Heap address: 0x0000000601400000, size: 8172 MB, Compressed Oops mode: Zero based, Oop shift amount: 3
Narrow klass base: 0x0000000800000000, Narrow klass shift: 0
Compressed class space size: 1073741824 Address: 0x0000000800000000

Heap:
 garbage-first heap   total 524288K, used 25563K [0x0000000601400000, 0x0000000800000000)
  region size 2048K, 14 young (28672K), 2 survivors (4096K)
 Metaspace       used 15698K, capacity 15875K, committed 16000K, reserved 1062912K
  class space    used 1564K, capacity 1644K, committed 1664K, reserved 1048576K
Heap Regions: E=young(eden), S=young(survivor), O=old, HS=humongous(starts), HC=humongous(continues), CS=collection set, F=free, OA=open archive, CA=closed archive, TAMS=top-at-mark-start (previous, next)
|   0|0x0000000601400000, 0x0000000601400000, 0x0000000601600000|  0%| F|  |TAMS 0x0000000601400000, 0x0000000601400000| Untracked 
|   1|0x0000000601600000, 0x0000000601600000, 0x0000000601800000|  0%| F|  |TAMS 0x0000000601600000, 0x0000000601600000| Untracked 
|   2|0x0000000601800000, 0x0000000601800000, 0x0000000601a00000|  0%| F|  |TAMS 0x0000000601800000, 0x0000000601800000| Untracked 
|   3|0x0000000601a00000, 0x0000000601a00000, 0x0000000601c00000|  0%| F|  |TAMS 0x0000000601a00000, 0x0000000601a00000| Untracked 
|   4|0x0000000601c00000, 0x0000000601c00000, 0x0000000601e00000|  0%| F|  |TAMS 0x0000000601c00000, 0x0000000601c00000| Untracked 
|   5|0x0000000601e00000, 0x0000000601e00000, 0x0000000602000000|  0%| F|  |TAMS 0x0000000601e00000, 0x0000000601e00000| Untracked 
|   6|0x0000000602000000, 0x0000000602000000, 0x0000000602200000|  0%| F|  |TAMS 0x0000000602000000, 0x0000000602000000| Untracked 
|   7|0x0000000602200000, 0x0000000602200000, 0x0000000602400000|  0%| F|  |TAMS 0x0000000602200000, 0x0000000602200000| Untracked 
|   8|0x0000000602400000, 0x0000000602400000, 0x0000000602600000|  0%| F|  |TAMS 0x0000000602400000, 0x0000000602400000| Untracked 
|   9|0x0000000602600000, 0x0000000602600000, 0x0000000602800000|  0%| F|  |TAMS 0x0000000602600000, 0x0000000602600000| Untracked 
|  10|0x0000000602800000, 0x0000000602800000, 0x0000000602a00000|  0%| F|  |TAMS 0x0000000602800000, 0x0000000602800000| Untracked 
|  11|0x0000000602a00000, 0x0000000602a00000, 0x0000000602c00000|  0%| F|  |TAMS 0x0000000602a00000, 0x0000000602a00000| Untracked 
|  12|0x0000000602c00000, 0x0000000602c00000, 0x0000000602e00000|  0%| F|  |TAMS 0x0000000602c00000, 0x0000000602c00000| Untracked 
|  13|0x0000000602e00000, 0x0000000602e00000, 0x0000000603000000|  0%| F|  |TAMS 0x0000000602e00000, 0x0000000602e00000| Untracked 
|  14|0x0000000603000000, 0x0000000603000000, 0x0000000603200000|  0%| F|  |TAMS 0x0000000603000000, 0x0000000603000000| Untracked 
|  15|0x0000000603200000, 0x0000000603200000, 0x0000000603400000|  0%| F|  |TAMS 0x0000000603200000, 0x0000000603200000| Untracked 
|  16|0x0000000603400000, 0x0000000603400000, 0x0000000603600000|  0%| F|  |TAMS 0x0000000603400000, 0x0000000603400000| Untracked 
|  17|0x0000000603600000, 0x0000000603600000, 0x0000000603800000|  0%| F|  |TAMS 0x0000000603600000, 0x0000000603600000| Untracked 
|  18|0x0000000603800000, 0x0000000603800000, 0x0000000603a00000|  0%| F|  |TAMS 0x0000000603800000, 0x0000000603800000| Untracked 
|  19|0x0000000603a00000, 0x0000000603a00000, 0x0000000603c00000|  0%| F|  |TAMS 0x0000000603a00000, 0x0000000603a00000| Untracked 
|  20|0x0000000603c00000, 0x0000000603c00000, 0x0000000603e00000|  0%| F|  |TAMS 0x0000000603c00000, 0x0000000603c00000| Untracked 
|  21|0x0000000603e00000, 0x0000000603e00000, 0x0000000604000000|  0%| F|  |TAMS 0x0000000603e00000, 0x0000000603e00000| Untracked 
|  22|0x0000000604000000, 0x0000000604000000, 0x0000000604200000|  0%| F|  |TAMS 0x0000000604000000, 0x0000000604000000| Untracked 
|  23|0x0000000604200000, 0x0000000604200000, 0x0000000604400000|  0%| F|  |TAMS 0x0000000604200000, 0x0000000604200000| Untracked 
|  24|0x0000000604400000, 0x0000000604400000, 0x0000000604600000|  0%| F|  |TAMS 0x0000000604400000, 0x0000000604400000| Untracked 
|  25|0x0000000604600000, 0x0000000604600000, 0x0000000604800000|  0%| F|  |TAMS 0x0000000604600000, 0x0000000604600000| Untracked 
|  26|0x0000000604800000, 0x0000000604800000, 0x0000000604a00000|  0%| F|  |TAMS 0x0000000604800000, 0x0000000604800000| Untracked 
|  27|0x0000000604a00000, 0x0000000604a00000, 0x0000000604c00000|  0%| F|  |TAMS 0x0000000604a00000, 0x0000000604a00000| Untracked 
|  28|0x0000000604c00000, 0x0000000604c00000, 0x0000000604e00000|  0%| F|  |TAMS 0x0000000604c00000, 0x0000000604c00000| Untracked 
|  29|0x0000000604e00000, 0x0000000604e00000, 0x0000000605000000|  0%| F|  |TAMS 0x0000000604e00000, 0x0000000604e00000| Untracked 
|  30|0x0000000605000000, 0x0000000605000000, 0x0000000605200000|  0%| F|  |TAMS 0x0000000605000000, 0x0000000605000000| Untracked 
|  31|0x0000000605200000, 0x0000000605200000, 0x0000000605400000|  0%| F|  |TAMS 0x0000000605200000, 0x0000000605200000| Untracked 
|  32|0x0000000605400000, 0x0000000605400000, 0x0000000605600000|  0%| F|  |TAMS 0x0000000605400000, 0x0000000605400000| Untracked 
|  33|0x0000000605600000, 0x0000000605600000, 0x0000000605800000|  0%| F|  |TAMS 0x0000000605600000, 0x0000000605600000| Untracked 
|  34|0x0000000605800000, 0x0000000605800000, 0x0000000605a00000|  0%| F|  |TAMS 0x0000000605800000, 0x0000000605800000| Untracked 
|  35|0x0000000605a00000, 0x0000000605a00000, 0x0000000605c00000|  0%| F|  |TAMS 0x0000000605a00000, 0x0000000605a00000| Untracked 
|  36|0x0000000605c00000, 0x0000000605c00000, 0x0000000605e00000|  0%| F|  |TAMS 0x0000000605c00000, 0x0000000605c00000| Untracked 
|  37|0x0000000605e00000, 0x0000000605e00000, 0x0000000606000000|  0%| F|  |TAMS 0x0000000605e00000, 0x0000000605e00000| Untracked 
|  38|0x0000000606000000, 0x0000000606000000, 0x0000000606200000|  0%| F|  |TAMS 0x0000000606000000, 0x0000000606000000| Untracked 
|  39|0x0000000606200000, 0x0000000606200000, 0x0000000606400000|  0%| F|  |TAMS 0x0000000606200000, 0x0000000606200000| Untracked 
|  40|0x0000000606400000, 0x0000000606400000, 0x0000000606600000|  0%| F|  |TAMS 0x0000000606400000, 0x0000000606400000| Untracked 
|  41|0x0000000606600000, 0x0000000606600000, 0x0000000606800000|  0%| F|  |TAMS 0x0000000606600000, 0x0000000606600000| Untracked 
|  42|0x0000000606800000, 0x0000000606800000, 0x0000000606a00000|  0%| F|  |TAMS 0x0000000606800000, 0x0000000606800000| Untracked 
|  43|0x0000000606a00000, 0x0000000606a00000, 0x0000000606c00000|  0%| F|  |TAMS 0x0000000606a00000, 0x0000000606a00000| Untracked 
|  44|0x0000000606c00000, 0x0000000606c00000, 0x0000000606e00000|  0%| F|  |TAMS 0x0000000606c00000, 0x0000000606c00000| Untracked 
|  45|0x0000000606e00000, 0x0000000606e00000, 0x0000000607000000|  0%| F|  |TAMS 0x0000000606e00000, 0x0000000606e00000| Untracked 
|  46|0x0000000607000000, 0x0000000607000000, 0x0000000607200000|  0%| F|  |TAMS 0x0000000607000000, 0x0000000607000000| Untracked 
|  47|0x0000000607200000, 0x0000000607200000, 0x0000000607400000|  0%| F|  |TAMS 0x0000000607200000, 0x0000000607200000| Untracked 
|  48|0x0000000607400000, 0x0000000607400000, 0x0000000607600000|  0%| F|  |TAMS 0x0000000607400000, 0x0000000607400000| Untracked 
|  49|0x0000000607600000, 0x0000000607600000, 0x0000000607800000|  0%| F|  |TAMS 0x0000000607600000, 0x0000000607600000| Untracked 
|  50|0x0000000607800000, 0x0000000607800000, 0x0000000607a00000|  0%| F|  |TAMS 0x0000000607800000, 0x0000000607800000| Untracked 
|  51|0x0000000607a00000, 0x0000000607a00000, 0x0000000607c00000|  0%| F|  |TAMS 0x0000000607a00000, 0x0000000607a00000| Untracked 
|  52|0x0000000607c00000, 0x0000000607c00000, 0x0000000607e00000|  0%| F|  |TAMS 0x0000000607c00000, 0x0000000607c00000| Untracked 
|  53|0x0000000607e00000, 0x0000000607e00000, 0x0000000608000000|  0%| F|  |TAMS 0x0000000607e00000, 0x0000000607e00000| Untracked 
|  54|0x0000000608000000, 0x0000000608000000, 0x0000000608200000|  0%| F|  |TAMS 0x0000000608000000, 0x0000000608000000| Untracked 
|  55|0x0000000608200000, 0x0000000608200000, 0x0000000608400000|  0%| F|  |TAMS 0x0000000608200000, 0x0000000608200000| Untracked 
|  56|0x0000000608400000, 0x0000000608400000, 0x0000000608600000|  0%| F|  |TAMS 0x0000000608400000, 0x0000000608400000| Untracked 
|  57|0x0000000608600000, 0x0000000608600000, 0x0000000608800000|  0%| F|  |TAMS 0x0000000608600000, 0x0000000608600000| Untracked 
|  58|0x0000000608800000, 0x0000000608800000, 0x0000000608a00000|  0%| F|  |TAMS 0x0000000608800000, 0x0000000608800000| Untracked 
|  59|0x0000000608a00000, 0x0000000608a00000, 0x0000000608c00000|  0%| F|  |TAMS 0x0000000608a00000, 0x0000000608a00000| Untracked 
|  60|0x0000000608c00000, 0x0000000608c00000, 0x0000000608e00000|  0%| F|  |TAMS 0x0000000608c00000, 0x0000000608c00000| Untracked 
|  61|0x0000000608e00000, 0x0000000608e00000, 0x0000000609000000|  0%| F|  |TAMS 0x0000000608e00000, 0x0000000608e00000| Untracked 
|  62|0x0000000609000000, 0x0000000609000000, 0x0000000609200000|  0%| F|  |TAMS 0x0000000609000000, 0x0000000609000000| Untracked 
|  63|0x0000000609200000, 0x0000000609200000, 0x0000000609400000|  0%| F|  |TAMS 0x0000000609200000, 0x0000000609200000| Untracked 
|  64|0x0000000609400000, 0x0000000609400000, 0x0000000609600000|  0%| F|  |TAMS 0x0000000609400000, 0x0000000609400000| Untracked 
|  65|0x0000000609600000, 0x0000000609600000, 0x0000000609800000|  0%| F|  |TAMS 0x0000000609600000, 0x0000000609600000| Untracked 
|  66|0x0000000609800000, 0x0000000609800000, 0x0000000609a00000|  0%| F|  |TAMS 0x0000000609800000, 0x0000000609800000| Untracked 
|  67|0x0000000609a00000, 0x0000000609a00000, 0x0000000609c00000|  0%| F|  |TAMS 0x0000000609a00000, 0x0000000609a00000| Untracked 
|  68|0x0000000609c00000, 0x0000000609c00000, 0x0000000609e00000|  0%| F|  |TAMS 0x0000000609c00000, 0x0000000609c00000| Untracked 
|  69|0x0000000609e00000, 0x0000000609e00000, 0x000000060a000000|  0%| F|  |TAMS 0x0000000609e00000, 0x0000000609e00000| Untracked 
|  70|0x000000060a000000, 0x000000060a000000, 0x000000060a200000|  0%| F|  |TAMS 0x000000060a000000, 0x000000060a000000| Untracked 
|  71|0x000000060a200000, 0x000000060a200000, 0x000000060a400000|  0%| F|  |TAMS 0x000000060a200000, 0x000000060a200000| Untracked 
|  72|0x000000060a400000, 0x000000060a400000, 0x000000060a600000|  0%| F|  |TAMS 0x000000060a400000, 0x000000060a400000| Untracked 
|  73|0x000000060a600000, 0x000000060a600000, 0x000000060a800000|  0%| F|  |TAMS 0x000000060a600000, 0x000000060a600000| Untracked 
|  74|0x000000060a800000, 0x000000060a800000, 0x000000060aa00000|  0%| F|  |TAMS 0x000000060a800000, 0x000000060a800000| Untracked 
|  75|0x000000060aa00000, 0x000000060aa00000, 0x000000060ac00000|  0%| F|  |TAMS 0x000000060aa00000, 0x000000060aa00000| Untracked 
|  76|0x000000060ac00000, 0x000000060ac00000, 0x000000060ae00000|  0%| F|  |TAMS 0x000000060ac00000, 0x000000060ac00000| Untracked 
|  77|0x000000060ae00000, 0x000000060ae00000, 0x000000060b000000|  0%| F|  |TAMS 0x000000060ae00000, 0x000000060ae00000| Untracked 
|  78|0x000000060b000000, 0x000000060b000000, 0x000000060b200000|  0%| F|  |TAMS 0x000000060b000000, 0x000000060b000000| Untracked 
|  79|0x000000060b200000, 0x000000060b200000, 0x000000060b400000|  0%| F|  |TAMS 0x000000060b200000, 0x000000060b200000| Untracked 
|  80|0x000000060b400000, 0x000000060b400000, 0x000000060b600000|  0%| F|  |TAMS 0x000000060b400000, 0x000000060b400000| Untracked 
|  81|0x000000060b600000, 0x000000060b600000, 0x000000060b800000|  0%| F|  |TAMS 0x000000060b600000, 0x000000060b600000| Untracked 
|  82|0x000000060b800000, 0x000000060b800000, 0x000000060ba00000|  0%| F|  |TAMS 0x000000060b800000, 0x000000060b800000| Untracked 
|  83|0x000000060ba00000, 0x000000060ba00000, 0x000000060bc00000|  0%| F|  |TAMS 0x000000060ba00000, 0x000000060ba00000| Untracked 
|  84|0x000000060bc00000, 0x000000060bc00000, 0x000000060be00000|  0%| F|  |TAMS 0x000000060bc00000, 0x000000060bc00000| Untracked 
|  85|0x000000060be00000, 0x000000060be00000, 0x000000060c000000|  0%| F|  |TAMS 0x000000060be00000, 0x000000060be00000| Untracked 
|  86|0x000000060c000000, 0x000000060c000000, 0x000000060c200000|  0%| F|  |TAMS 0x000000060c000000, 0x000000060c000000| Untracked 
|  87|0x000000060c200000, 0x000000060c200000, 0x000000060c400000|  0%| F|  |TAMS 0x000000060c200000, 0x000000060c200000| Untracked 
|  88|0x000000060c400000, 0x000000060c400000, 0x000000060c600000|  0%| F|  |TAMS 0x000000060c400000, 0x000000060c400000| Untracked 
|  89|0x000000060c600000, 0x000000060c600000, 0x000000060c800000|  0%| F|  |TAMS 0x000000060c600000, 0x000000060c600000| Untracked 
|  90|0x000000060c800000, 0x000000060c800000, 0x000000060ca00000|  0%| F|  |TAMS 0x000000060c800000, 0x000000060c800000| Untracked 
|  91|0x000000060ca00000, 0x000000060ca00000, 0x000000060cc00000|  0%| F|  |TAMS 0x000000060ca00000, 0x000000060ca00000| Untracked 
|  92|0x000000060cc00000, 0x000000060cc00000, 0x000000060ce00000|  0%| F|  |TAMS 0x000000060cc00000, 0x000000060cc00000| Untracked 
|  93|0x000000060ce00000, 0x000000060ce00000, 0x000000060d000000|  0%| F|  |TAMS 0x000000060ce00000, 0x000000060ce00000| Untracked 
|  94|0x000000060d000000, 0x000000060d000000, 0x000000060d200000|  0%| F|  |TAMS 0x000000060d000000, 0x000000060d000000| Untracked 
|  95|0x000000060d200000, 0x000000060d200000, 0x000000060d400000|  0%| F|  |TAMS 0x000000060d200000, 0x000000060d200000| Untracked 
|  96|0x000000060d400000, 0x000000060d400000, 0x000000060d600000|  0%| F|  |TAMS 0x000000060d400000, 0x000000060d400000| Untracked 
|  97|0x000000060d600000, 0x000000060d600000, 0x000000060d800000|  0%| F|  |TAMS 0x000000060d600000, 0x000000060d600000| Untracked 
|  98|0x000000060d800000, 0x000000060d800000, 0x000000060da00000|  0%| F|  |TAMS 0x000000060d800000, 0x000000060d800000| Untracked 
|  99|0x000000060da00000, 0x000000060da00000, 0x000000060dc00000|  0%| F|  |TAMS 0x000000060da00000, 0x000000060da00000| Untracked 
| 100|0x000000060dc00000, 0x000000060dc00000, 0x000000060de00000|  0%| F|  |TAMS 0x000000060dc00000, 0x000000060dc00000| Untracked 
| 101|0x000000060de00000, 0x000000060de00000, 0x000000060e000000|  0%| F|  |TAMS 0x000000060de00000, 0x000000060de00000| Untracked 
| 102|0x000000060e000000, 0x000000060e000000, 0x000000060e200000|  0%| F|  |TAMS 0x000000060e000000, 0x000000060e000000| Untracked 
| 103|0x000000060e200000, 0x000000060e200000, 0x000000060e400000|  0%| F|  |TAMS 0x000000060e200000, 0x000000060e200000| Untracked 
| 104|0x000000060e400000, 0x000000060e400000, 0x000000060e600000|  0%| F|  |TAMS 0x000000060e400000, 0x000000060e400000| Untracked 
| 105|0x000000060e600000, 0x000000060e600000, 0x000000060e800000|  0%| F|  |TAMS 0x000000060e600000, 0x000000060e600000| Untracked 
| 106|0x000000060e800000, 0x000000060e800000, 0x000000060ea00000|  0%| F|  |TAMS 0x000000060e800000, 0x000000060e800000| Untracked 
| 107|0x000000060ea00000, 0x000000060ea00000, 0x000000060ec00000|  0%| F|  |TAMS 0x000000060ea00000, 0x000000060ea00000| Untracked 
| 108|0x000000060ec00000, 0x000000060ec00000, 0x000000060ee00000|  0%| F|  |TAMS 0x000000060ec00000, 0x000000060ec00000| Untracked 
| 109|0x000000060ee00000, 0x000000060ee00000, 0x000000060f000000|  0%| F|  |TAMS 0x000000060ee00000, 0x000000060ee00000| Untracked 
| 110|0x000000060f000000, 0x000000060f000000, 0x000000060f200000|  0%| F|  |TAMS 0x000000060f000000, 0x000000060f000000| Untracked 
| 111|0x000000060f200000, 0x000000060f200000, 0x000000060f400000|  0%| F|  |TAMS 0x000000060f200000, 0x000000060f200000| Untracked 
| 112|0x000000060f400000, 0x000000060f400000, 0x000000060f600000|  0%| F|  |TAMS 0x000000060f400000, 0x000000060f400000| Untracked 
| 113|0x000000060f600000, 0x000000060f600000, 0x000000060f800000|  0%| F|  |TAMS 0x000000060f600000, 0x000000060f600000| Untracked 
| 114|0x000000060f800000, 0x000000060f800000, 0x000000060fa00000|  0%| F|  |TAMS 0x000000060f800000, 0x000000060f800000| Untracked 
| 115|0x000000060fa00000, 0x000000060fa00000, 0x000000060fc00000|  0%| F|  |TAMS 0x000000060fa00000, 0x000000060fa00000| Untracked 
| 116|0x000000060fc00000, 0x000000060fc00000, 0x000000060fe00000|  0%| F|  |TAMS 0x000000060fc00000, 0x000000060fc00000| Untracked 
| 117|0x000000060fe00000, 0x000000060fe00000, 0x0000000610000000|  0%| F|  |TAMS 0x000000060fe00000, 0x000000060fe00000| Untracked 
| 118|0x0000000610000000, 0x0000000610000000, 0x0000000610200000|  0%| F|  |TAMS 0x0000000610000000, 0x0000000610000000| Untracked 
| 119|0x0000000610200000, 0x0000000610200000, 0x0000000610400000|  0%| F|  |TAMS 0x0000000610200000, 0x0000000610200000| Untracked 
| 120|0x0000000610400000, 0x0000000610400000, 0x0000000610600000|  0%| F|  |TAMS 0x0000000610400000, 0x0000000610400000| Untracked 
| 121|0x0000000610600000, 0x0000000610600000, 0x0000000610800000|  0%| F|  |TAMS 0x0000000610600000, 0x0000000610600000| Untracked 
| 122|0x0000000610800000, 0x0000000610800000, 0x0000000610a00000|  0%| F|  |TAMS 0x0000000610800000, 0x0000000610800000| Untracked 
| 123|0x0000000610a00000, 0x0000000610a00000, 0x0000000610c00000|  0%| F|  |TAMS 0x0000000610a00000, 0x0000000610a00000| Untracked 
| 124|0x0000000610c00000, 0x0000000610c00000, 0x0000000610e00000|  0%| F|  |TAMS 0x0000000610c00000, 0x0000000610c00000| Untracked 
| 125|0x0000000610e00000, 0x0000000610e00000, 0x0000000611000000|  0%| F|  |TAMS 0x0000000610e00000, 0x0000000610e00000| Untracked 
| 126|0x0000000611000000, 0x0000000611000000, 0x0000000611200000|  0%| F|  |TAMS 0x0000000611000000, 0x0000000611000000| Untracked 
| 127|0x0000000611200000, 0x0000000611200000, 0x0000000611400000|  0%| F|  |TAMS 0x0000000611200000, 0x0000000611200000| Untracked 
| 128|0x0000000611400000, 0x0000000611400000, 0x0000000611600000|  0%| F|  |TAMS 0x0000000611400000, 0x0000000611400000| Untracked 
| 129|0x0000000611600000, 0x0000000611600000, 0x0000000611800000|  0%| F|  |TAMS 0x0000000611600000, 0x0000000611600000| Untracked 
| 130|0x0000000611800000, 0x0000000611800000, 0x0000000611a00000|  0%| F|  |TAMS 0x0000000611800000, 0x0000000611800000| Untracked 
| 131|0x0000000611a00000, 0x0000000611a00000, 0x0000000611c00000|  0%| F|  |TAMS 0x0000000611a00000, 0x0000000611a00000| Untracked 
| 132|0x0000000611c00000, 0x0000000611c00000, 0x0000000611e00000|  0%| F|  |TAMS 0x0000000611c00000, 0x0000000611c00000| Untracked 
| 133|0x0000000611e00000, 0x0000000611e00000, 0x0000000612000000|  0%| F|  |TAMS 0x0000000611e00000, 0x0000000611e00000| Untracked 
| 134|0x0000000612000000, 0x0000000612000000, 0x0000000612200000|  0%| F|  |TAMS 0x0000000612000000, 0x0000000612000000| Untracked 
| 135|0x0000000612200000, 0x0000000612200000, 0x0000000612400000|  0%| F|  |TAMS 0x0000000612200000, 0x0000000612200000| Untracked 
| 136|0x0000000612400000, 0x0000000612400000, 0x0000000612600000|  0%| F|  |TAMS 0x0000000612400000, 0x0000000612400000| Untracked 
| 137|0x0000000612600000, 0x0000000612600000, 0x0000000612800000|  0%| F|  |TAMS 0x0000000612600000, 0x0000000612600000| Untracked 
| 138|0x0000000612800000, 0x0000000612800000, 0x0000000612a00000|  0%| F|  |TAMS 0x0000000612800000, 0x0000000612800000| Untracked 
| 139|0x0000000612a00000, 0x0000000612a00000, 0x0000000612c00000|  0%| F|  |TAMS 0x0000000612a00000, 0x0000000612a00000| Untracked 
| 140|0x0000000612c00000, 0x0000000612c00000, 0x0000000612e00000|  0%| F|  |TAMS 0x0000000612c00000, 0x0000000612c00000| Untracked 
| 141|0x0000000612e00000, 0x0000000612e00000, 0x0000000613000000|  0%| F|  |TAMS 0x0000000612e00000, 0x0000000612e00000| Untracked 
| 142|0x0000000613000000, 0x0000000613000000, 0x0000000613200000|  0%| F|  |TAMS 0x0000000613000000, 0x0000000613000000| Untracked 
| 143|0x0000000613200000, 0x0000000613200000, 0x0000000613400000|  0%| F|  |TAMS 0x0000000613200000, 0x0000000613200000| Untracked 
| 144|0x0000000613400000, 0x0000000613400000, 0x0000000613600000|  0%| F|  |TAMS 0x0000000613400000, 0x0000000613400000| Untracked 
| 145|0x0000000613600000, 0x0000000613600000, 0x0000000613800000|  0%| F|  |TAMS 0x0000000613600000, 0x0000000613600000| Untracked 
| 146|0x0000000613800000, 0x0000000613800000, 0x0000000613a00000|  0%| F|  |TAMS 0x0000000613800000, 0x0000000613800000| Untracked 
| 147|0x0000000613a00000, 0x0000000613a00000, 0x0000000613c00000|  0%| F|  |TAMS 0x0000000613a00000, 0x0000000613a00000| Untracked 
| 148|0x0000000613c00000, 0x0000000613c00000, 0x0000000613e00000|  0%| F|  |TAMS 0x0000000613c00000, 0x0000000613c00000| Untracked 
| 149|0x0000000613e00000, 0x0000000613e00000, 0x0000000614000000|  0%| F|  |TAMS 0x0000000613e00000, 0x0000000613e00000| Untracked 
| 150|0x0000000614000000, 0x0000000614000000, 0x0000000614200000|  0%| F|  |TAMS 0x0000000614000000, 0x0000000614000000| Untracked 
| 151|0x0000000614200000, 0x0000000614200000, 0x0000000614400000|  0%| F|  |TAMS 0x0000000614200000, 0x0000000614200000| Untracked 
| 152|0x0000000614400000, 0x0000000614400000, 0x0000000614600000|  0%| F|  |TAMS 0x0000000614400000, 0x0000000614400000| Untracked 
| 153|0x0000000614600000, 0x0000000614600000, 0x0000000614800000|  0%| F|  |TAMS 0x0000000614600000, 0x0000000614600000| Untracked 
| 154|0x0000000614800000, 0x0000000614800000, 0x0000000614a00000|  0%| F|  |TAMS 0x0000000614800000, 0x0000000614800000| Untracked 
| 155|0x0000000614a00000, 0x0000000614a00000, 0x0000000614c00000|  0%| F|  |TAMS 0x0000000614a00000, 0x0000000614a00000| Untracked 
| 156|0x0000000614c00000, 0x0000000614c00000, 0x0000000614e00000|  0%| F|  |TAMS 0x0000000614c00000, 0x0000000614c00000| Untracked 
| 157|0x0000000614e00000, 0x0000000614e00000, 0x0000000615000000|  0%| F|  |TAMS 0x0000000614e00000, 0x0000000614e00000| Untracked 
| 158|0x0000000615000000, 0x0000000615000000, 0x0000000615200000|  0%| F|  |TAMS 0x0000000615000000, 0x0000000615000000| Untracked 
| 159|0x0000000615200000, 0x0000000615200000, 0x0000000615400000|  0%| F|  |TAMS 0x0000000615200000, 0x0000000615200000| Untracked 
| 160|0x0000000615400000, 0x0000000615400000, 0x0000000615600000|  0%| F|  |TAMS 0x0000000615400000, 0x0000000615400000| Untracked 
| 161|0x0000000615600000, 0x0000000615600000, 0x0000000615800000|  0%| F|  |TAMS 0x0000000615600000, 0x0000000615600000| Untracked 
| 162|0x0000000615800000, 0x0000000615800000, 0x0000000615a00000|  0%| F|  |TAMS 0x0000000615800000, 0x0000000615800000| Untracked 
| 163|0x0000000615a00000, 0x0000000615a00000, 0x0000000615c00000|  0%| F|  |TAMS 0x0000000615a00000, 0x0000000615a00000| Untracked 
| 164|0x0000000615c00000, 0x0000000615c00000, 0x0000000615e00000|  0%| F|  |TAMS 0x0000000615c00000, 0x0000000615c00000| Untracked 
| 165|0x0000000615e00000, 0x0000000615e00000, 0x0000000616000000|  0%| F|  |TAMS 0x0000000615e00000, 0x0000000615e00000| Untracked 
| 166|0x0000000616000000, 0x0000000616000000, 0x0000000616200000|  0%| F|  |TAMS 0x0000000616000000, 0x0000000616000000| Untracked 
| 167|0x0000000616200000, 0x0000000616200000, 0x0000000616400000|  0%| F|  |TAMS 0x0000000616200000, 0x0000000616200000| Untracked 
| 168|0x0000000616400000, 0x0000000616400000, 0x0000000616600000|  0%| F|  |TAMS 0x0000000616400000, 0x0000000616400000| Untracked 
| 169|0x0000000616600000, 0x0000000616600000, 0x0000000616800000|  0%| F|  |TAMS 0x0000000616600000, 0x0000000616600000| Untracked 
| 170|0x0000000616800000, 0x0000000616800000, 0x0000000616a00000|  0%| F|  |TAMS 0x0000000616800000, 0x0000000616800000| Untracked 
| 171|0x0000000616a00000, 0x0000000616a00000, 0x0000000616c00000|  0%| F|  |TAMS 0x0000000616a00000, 0x0000000616a00000| Untracked 
| 172|0x0000000616c00000, 0x0000000616c00000, 0x0000000616e00000|  0%| F|  |TAMS 0x0000000616c00000, 0x0000000616c00000| Untracked 
| 173|0x0000000616e00000, 0x0000000616e00000, 0x0000000617000000|  0%| F|  |TAMS 0x0000000616e00000, 0x0000000616e00000| Untracked 
| 174|0x0000000617000000, 0x0000000617000000, 0x0000000617200000|  0%| F|  |TAMS 0x0000000617000000, 0x0000000617000000| Untracked 
| 175|0x0000000617200000, 0x0000000617200000, 0x0000000617400000|  0%| F|  |TAMS 0x0000000617200000, 0x0000000617200000| Untracked 
| 176|0x0000000617400000, 0x0000000617400000, 0x0000000617600000|  0%| F|  |TAMS 0x0000000617400000, 0x0000000617400000| Untracked 
| 177|0x0000000617600000, 0x0000000617600000, 0x0000000617800000|  0%| F|  |TAMS 0x0000000617600000, 0x0000000617600000| Untracked 
| 178|0x0000000617800000, 0x0000000617800000, 0x0000000617a00000|  0%| F|  |TAMS 0x0000000617800000, 0x0000000617800000| Untracked 
| 179|0x0000000617a00000, 0x0000000617a00000, 0x0000000617c00000|  0%| F|  |TAMS 0x0000000617a00000, 0x0000000617a00000| Untracked 
| 180|0x0000000617c00000, 0x0000000617c00000, 0x0000000617e00000|  0%| F|  |TAMS 0x0000000617c00000, 0x0000000617c00000| Untracked 
| 181|0x0000000617e00000, 0x0000000617e00000, 0x0000000618000000|  0%| F|  |TAMS 0x0000000617e00000, 0x0000000617e00000| Untracked 
| 182|0x0000000618000000, 0x0000000618000000, 0x0000000618200000|  0%| F|  |TAMS 0x0000000618000000, 0x0000000618000000| Untracked 
| 183|0x0000000618200000, 0x0000000618200000, 0x0000000618400000|  0%| F|  |TAMS 0x0000000618200000, 0x0000000618200000| Untracked 
| 184|0x0000000618400000, 0x0000000618400000, 0x0000000618600000|  0%| F|  |TAMS 0x0000000618400000, 0x0000000618400000| Untracked 
| 185|0x0000000618600000, 0x0000000618600000, 0x0000000618800000|  0%| F|  |TAMS 0x0000000618600000, 0x0000000618600000| Untracked 
| 186|0x0000000618800000, 0x0000000618800000, 0x0000000618a00000|  0%| F|  |TAMS 0x0000000618800000, 0x0000000618800000| Untracked 
| 187|0x0000000618a00000, 0x0000000618a00000, 0x0000000618c00000|  0%| F|  |TAMS 0x0000000618a00000, 0x0000000618a00000| Untracked 
| 188|0x0000000618c00000, 0x0000000618c00000, 0x0000000618e00000|  0%| F|  |TAMS 0x0000000618c00000, 0x0000000618c00000| Untracked 
| 189|0x0000000618e00000, 0x0000000618e00000, 0x0000000619000000|  0%| F|  |TAMS 0x0000000618e00000, 0x0000000618e00000| Untracked 
| 190|0x0000000619000000, 0x0000000619000000, 0x0000000619200000|  0%| F|  |TAMS 0x0000000619000000, 0x0000000619000000| Untracked 
| 191|0x0000000619200000, 0x0000000619200000, 0x0000000619400000|  0%| F|  |TAMS 0x0000000619200000, 0x0000000619200000| Untracked 
| 192|0x0000000619400000, 0x0000000619400000, 0x0000000619600000|  0%| F|  |TAMS 0x0000000619400000, 0x0000000619400000| Untracked 
| 193|0x0000000619600000, 0x0000000619600000, 0x0000000619800000|  0%| F|  |TAMS 0x0000000619600000, 0x0000000619600000| Untracked 
| 194|0x0000000619800000, 0x0000000619800000, 0x0000000619a00000|  0%| F|  |TAMS 0x0000000619800000, 0x0000000619800000| Untracked 
| 195|0x0000000619a00000, 0x0000000619a00000, 0x0000000619c00000|  0%| F|  |TAMS 0x0000000619a00000, 0x0000000619a00000| Untracked 
| 196|0x0000000619c00000, 0x0000000619c00000, 0x0000000619e00000|  0%| F|  |TAMS 0x0000000619c00000, 0x0000000619c00000| Untracked 
| 197|0x0000000619e00000, 0x0000000619e00000, 0x000000061a000000|  0%| F|  |TAMS 0x0000000619e00000, 0x0000000619e00000| Untracked 
| 198|0x000000061a000000, 0x000000061a000000, 0x000000061a200000|  0%| F|  |TAMS 0x000000061a000000, 0x000000061a000000| Untracked 
| 199|0x000000061a200000, 0x000000061a200000, 0x000000061a400000|  0%| F|  |TAMS 0x000000061a200000, 0x000000061a200000| Untracked 
| 200|0x000000061a400000, 0x000000061a400000, 0x000000061a600000|  0%| F|  |TAMS 0x000000061a400000, 0x000000061a400000| Untracked 
| 201|0x000000061a600000, 0x000000061a600000, 0x000000061a800000|  0%| F|  |TAMS 0x000000061a600000, 0x000000061a600000| Untracked 
| 202|0x000000061a800000, 0x000000061a800000, 0x000000061aa00000|  0%| F|  |TAMS 0x000000061a800000, 0x000000061a800000| Untracked 
| 203|0x000000061aa00000, 0x000000061aa00000, 0x000000061ac00000|  0%| F|  |TAMS 0x000000061aa00000, 0x000000061aa00000| Untracked 
| 204|0x000000061ac00000, 0x000000061ac00000, 0x000000061ae00000|  0%| F|  |TAMS 0x000000061ac00000, 0x000000061ac00000| Untracked 
| 205|0x000000061ae00000, 0x000000061ae00000, 0x000000061b000000|  0%| F|  |TAMS 0x000000061ae00000, 0x000000061ae00000| Untracked 
| 206|0x000000061b000000, 0x000000061b000000, 0x000000061b200000|  0%| F|  |TAMS 0x000000061b000000, 0x000000061b000000| Untracked 
| 207|0x000000061b200000, 0x000000061b200000, 0x000000061b400000|  0%| F|  |TAMS 0x000000061b200000, 0x000000061b200000| Untracked 
| 208|0x000000061b400000, 0x000000061b400000, 0x000000061b600000|  0%| F|  |TAMS 0x000000061b400000, 0x000000061b400000| Untracked 
| 209|0x000000061b600000, 0x000000061b600000, 0x000000061b800000|  0%| F|  |TAMS 0x000000061b600000, 0x000000061b600000| Untracked 
| 210|0x000000061b800000, 0x000000061b800000, 0x000000061ba00000|  0%| F|  |TAMS 0x000000061b800000, 0x000000061b800000| Untracked 
| 211|0x000000061ba00000, 0x000000061ba00000, 0x000000061bc00000|  0%| F|  |TAMS 0x000000061ba00000, 0x000000061ba00000| Untracked 
| 212|0x000000061bc00000, 0x000000061bc00000, 0x000000061be00000|  0%| F|  |TAMS 0x000000061bc00000, 0x000000061bc00000| Untracked 
| 213|0x000000061be00000, 0x000000061be00000, 0x000000061c000000|  0%| F|  |TAMS 0x000000061be00000, 0x000000061be00000| Untracked 
| 214|0x000000061c000000, 0x000000061c000000, 0x000000061c200000|  0%| F|  |TAMS 0x000000061c000000, 0x000000061c000000| Untracked 
| 215|0x000000061c200000, 0x000000061c200000, 0x000000061c400000|  0%| F|  |TAMS 0x000000061c200000, 0x000000061c200000| Untracked 
| 216|0x000000061c400000, 0x000000061c400000, 0x000000061c600000|  0%| F|  |TAMS 0x000000061c400000, 0x000000061c400000| Untracked 
| 217|0x000000061c600000, 0x000000061c600000, 0x000000061c800000|  0%| F|  |TAMS 0x000000061c600000, 0x000000061c600000| Untracked 
| 218|0x000000061c800000, 0x000000061c800000, 0x000000061ca00000|  0%| F|  |TAMS 0x000000061c800000, 0x000000061c800000| Untracked 
| 219|0x000000061ca00000, 0x000000061ca00000, 0x000000061cc00000|  0%| F|  |TAMS 0x000000061ca00000, 0x000000061ca00000| Untracked 
| 220|0x000000061cc00000, 0x000000061cc00000, 0x000000061ce00000|  0%| F|  |TAMS 0x000000061cc00000, 0x000000061cc00000| Untracked 
| 221|0x000000061ce00000, 0x000000061ce00000, 0x000000061d000000|  0%| F|  |TAMS 0x000000061ce00000, 0x000000061ce00000| Untracked 
| 222|0x000000061d000000, 0x000000061d000000, 0x000000061d200000|  0%| F|  |TAMS 0x000000061d000000, 0x000000061d000000| Untracked 
| 223|0x000000061d200000, 0x000000061d200000, 0x000000061d400000|  0%| F|  |TAMS 0x000000061d200000, 0x000000061d200000| Untracked 
| 224|0x000000061d400000, 0x000000061d400000, 0x000000061d600000|  0%| F|  |TAMS 0x000000061d400000, 0x000000061d400000| Untracked 
| 225|0x000000061d600000, 0x000000061d600000, 0x000000061d800000|  0%| F|  |TAMS 0x000000061d600000, 0x000000061d600000| Untracked 
| 226|0x000000061d800000, 0x000000061d800000, 0x000000061da00000|  0%| F|  |TAMS 0x000000061d800000, 0x000000061d800000| Untracked 
| 227|0x000000061da00000, 0x000000061da00000, 0x000000061dc00000|  0%| F|  |TAMS 0x000000061da00000, 0x000000061da00000| Untracked 
| 228|0x000000061dc00000, 0x000000061dc00000, 0x000000061de00000|  0%| F|  |TAMS 0x000000061dc00000, 0x000000061dc00000| Untracked 
| 229|0x000000061de00000, 0x000000061de00000, 0x000000061e000000|  0%| F|  |TAMS 0x000000061de00000, 0x000000061de00000| Untracked 
| 230|0x000000061e000000, 0x000000061e000000, 0x000000061e200000|  0%| F|  |TAMS 0x000000061e000000, 0x000000061e000000| Untracked 
| 231|0x000000061e200000, 0x000000061e200000, 0x000000061e400000|  0%| F|  |TAMS 0x000000061e200000, 0x000000061e200000| Untracked 
| 232|0x000000061e400000, 0x000000061e400000, 0x000000061e600000|  0%| F|  |TAMS 0x000000061e400000, 0x000000061e400000| Untracked 
| 233|0x000000061e600000, 0x000000061e600000, 0x000000061e800000|  0%| F|  |TAMS 0x000000061e600000, 0x000000061e600000| Untracked 
| 234|0x000000061e800000, 0x000000061e800000, 0x000000061ea00000|  0%| F|  |TAMS 0x000000061e800000, 0x000000061e800000| Untracked 
| 235|0x000000061ea00000, 0x000000061ea00000, 0x000000061ec00000|  0%| F|  |TAMS 0x000000061ea00000, 0x000000061ea00000| Untracked 
| 236|0x000000061ec00000, 0x000000061ec00000, 0x000000061ee00000|  0%| F|  |TAMS 0x000000061ec00000, 0x000000061ec00000| Untracked 
| 237|0x000000061ee00000, 0x000000061ee00000, 0x000000061f000000|  0%| F|  |TAMS 0x000000061ee00000, 0x000000061ee00000| Untracked 
| 238|0x000000061f000000, 0x000000061f000000, 0x000000061f200000|  0%| F|  |TAMS 0x000000061f000000, 0x000000061f000000| Untracked 
| 239|0x000000061f200000, 0x000000061f200000, 0x000000061f400000|  0%| F|  |TAMS 0x000000061f200000, 0x000000061f200000| Untracked 
| 240|0x000000061f400000, 0x000000061f400000, 0x000000061f600000|  0%| F|  |TAMS 0x000000061f400000, 0x000000061f400000| Untracked 
| 241|0x000000061f600000, 0x000000061f600000, 0x000000061f800000|  0%| F|  |TAMS 0x000000061f600000, 0x000000061f600000| Untracked 
| 242|0x000000061f800000, 0x000000061f8f6f68, 0x000000061fa00000| 48%| S|CS|TAMS 0x000000061f800000, 0x000000061f800000| Complete 
| 243|0x000000061fa00000, 0x000000061fc00000, 0x000000061fc00000|100%| S|CS|TAMS 0x000000061fa00000, 0x000000061fa00000| Complete 
| 244|0x000000061fc00000, 0x000000061fc623c8, 0x000000061fe00000| 19%| E|  |TAMS 0x000000061fc00000, 0x000000061fc00000| Complete 
| 245|0x000000061fe00000, 0x0000000620000000, 0x0000000620000000|100%| E|CS|TAMS 0x000000061fe00000, 0x000000061fe00000| Complete 
| 246|0x0000000620000000, 0x0000000620200000, 0x0000000620200000|100%| E|CS|TAMS 0x0000000620000000, 0x0000000620000000| Complete 
| 247|0x0000000620200000, 0x0000000620400000, 0x0000000620400000|100%| E|CS|TAMS 0x0000000620200000, 0x0000000620200000| Complete 
| 248|0x0000000620400000, 0x0000000620600000, 0x0000000620600000|100%| E|CS|TAMS 0x0000000620400000, 0x0000000620400000| Complete 
| 249|0x0000000620600000, 0x0000000620800000, 0x0000000620800000|100%| E|CS|TAMS 0x0000000620600000, 0x0000000620600000| Complete 
| 250|0x0000000620800000, 0x0000000620a00000, 0x0000000620a00000|100%| E|CS|TAMS 0x0000000620800000, 0x0000000620800000| Complete 
| 251|0x0000000620a00000, 0x0000000620c00000, 0x0000000620c00000|100%| E|CS|TAMS 0x0000000620a00000, 0x0000000620a00000| Complete 
| 252|0x0000000620c00000, 0x0000000620e00000, 0x0000000620e00000|100%| E|CS|TAMS 0x0000000620c00000, 0x0000000620c00000| Complete 
| 253|0x0000000620e00000, 0x0000000621000000, 0x0000000621000000|100%| E|CS|TAMS 0x0000000620e00000, 0x0000000620e00000| Complete 
| 254|0x0000000621000000, 0x0000000621200000, 0x0000000621200000|100%| E|CS|TAMS 0x0000000621000000, 0x0000000621000000| Complete 
| 255|0x0000000621200000, 0x0000000621400000, 0x0000000621400000|100%| E|CS|TAMS 0x0000000621200000, 0x0000000621200000| Complete 

Card table byte_map: [0x00000296df060000,0x00000296e0060000] _byte_map_base: 0x00000296dc056000

Marking Bits (Prev, Next): (CMBitMap*) 0x00000296cab71c58, (CMBitMap*) 0x00000296cab71c98
 Prev Bits: [0x00000296e1060000, 0x00000296e9010000)
 Next Bits: [0x00000296e9010000, 0x00000296f0fc0000)

Polling page: 0x00000296c8ae0000

Metaspace:

Usage:
  Non-class:     13.90 MB capacity,    13.80 MB (>99%) used,    78.97 KB ( <1%) free+waste,    17.19 KB ( <1%) overhead. 
      Class:      1.61 MB capacity,     1.53 MB ( 95%) used,    73.34 KB (  4%) free+waste,     6.56 KB ( <1%) overhead. 
       Both:     15.50 MB capacity,    15.33 MB ( 99%) used,   152.31 KB ( <1%) free+waste,    23.75 KB ( <1%) overhead. 

Virtual space:
  Non-class space:       14.00 MB reserved,      14.00 MB (100%) committed 
      Class space:        1.00 GB reserved,       1.63 MB ( <1%) committed 
             Both:        1.01 GB reserved,      15.63 MB (  2%) committed 

Chunk freelists:
   Non-Class:  41.00 KB
       Class:  20.00 KB
        Both:  61.00 KB

MaxMetaspaceSize: 17179869184.00 GB
CompressedClassSpaceSize: 1.00 GB

CodeHeap 'non-profiled nmethods': size=119168Kb used=692Kb max_used=692Kb free=118475Kb
 bounds [0x00000296d6360000, 0x00000296d65d0000, 0x00000296dd7c0000]
CodeHeap 'profiled nmethods': size=119104Kb used=3476Kb max_used=3476Kb free=115627Kb
 bounds [0x00000296cef10000, 0x00000296cf280000, 0x00000296d6360000]
CodeHeap 'non-nmethods': size=7488Kb used=1286Kb max_used=3052Kb free=6201Kb
 bounds [0x00000296ce7c0000, 0x00000296cead0000, 0x00000296cef10000]
 total_blobs=2029 nmethods=1568 adapters=373
 compilation: enabled
              stopped_count=0, restarted_count=0
 full_count=0

Compilation events (20 events):
Event: 0.466 Thread 0x00000296f4cf5800 1561       3       java.util.Arrays::rangeCheck (74 bytes)
Event: 0.466 Thread 0x00000296f4cf7000 nmethod 1560 0x00000296cf272510 code [0x00000296cf2726c0, 0x00000296cf2728c8]
Event: 0.466 Thread 0x00000296f4cf6000 1562 %     4       java.util.Arrays::fill @ 10 (28 bytes)
Event: 0.467 Thread 0x00000296f63f3800 1563       3       java.util.ArrayList::indexOfRange (71 bytes)
Event: 0.467 Thread 0x00000296f4cf5800 nmethod 1561 0x00000296cf272a10 code [0x00000296cf272ce0, 0x00000296cf273928]
Event: 0.467 Thread 0x00000296f63f3800 nmethod 1563 0x00000296cf273e10 code [0x00000296cf273fe0, 0x00000296cf274468]
Event: 0.467 Thread 0x00000296f63f3800 1564       1       com.sun.org.apache.xerces.internal.util.Status::isExceptional (5 bytes)
Event: 0.467 Thread 0x00000296f4af7800 1565       3       java.lang.String::startsWith (7 bytes)
Event: 0.467 Thread 0x00000296f63f3800 nmethod 1564 0x00000296d63eaf90 code [0x00000296d63eb120, 0x00000296d63eb1d8]
Event: 0.467 Thread 0x00000296f4af7800 nmethod 1565 0x00000296cf274690 code [0x00000296cf274840, 0x00000296cf274988]
Event: 0.468 Thread 0x00000296f51d3000 nmethod 1554 0x00000296d63eb290 code [0x00000296d63eb520, 0x00000296d63ec3e0]
Event: 0.469 Thread 0x00000296f4cf6000 nmethod 1562% 0x00000296d63ecc10 code [0x00000296d63ecdc0, 0x00000296d63ed078]
Event: 0.470 Thread 0x00000296f4af7800 1566       3       java.util.HashMap::get (23 bytes)
Event: 0.470 Thread 0x00000296f4af7800 nmethod 1566 0x00000296cf274a10 code [0x00000296cf274be0, 0x00000296cf274f38]
Event: 0.512 Thread 0x00000296f51cf000 nmethod 1391% 0x00000296d63ed190 code [0x00000296d63edb80, 0x00000296d63f3730]
Event: 0.512 Thread 0x00000296f4aed800 nmethod 1392 0x00000296d63f6510 code [0x00000296d63f6ca0, 0x00000296d63fd320]
Event: 50.905 Thread 0x00000296f4aed800 1567       4       org.eclipse.jdt.launching.internal.org.objectweb.asm.ClassReader::<init> (371 bytes)
Event: 50.914 Thread 0x00000296f4aed800 nmethod 1567 0x00000296d63ffa10 code [0x00000296d63ffca0, 0x00000296d6400e48]
Event: 50.914 Thread 0x00000296f4aed800 1568       4       org.eclipse.jdt.launching.internal.org.objectweb.asm.SymbolTable::<init> (536 bytes)
Event: 51.014 Thread 0x00000296f4aed800 nmethod 1568 0x00000296d6401390 code [0x00000296d6401dc0, 0x00000296d6409d90]

GC Heap History (2 events):
Event: 0.321 GC heap before
{Heap before GC invocations=0 (full 0):
 garbage-first heap   total 524288K, used 22528K [0x0000000601400000, 0x0000000800000000)
  region size 2048K, 12 young (24576K), 0 survivors (0K)
 Metaspace       used 11173K, capacity 11343K, committed 11648K, reserved 1060864K
  class space    used 1000K, capacity 1029K, committed 1152K, reserved 1048576K
}
Event: 0.322 GC heap after
{Heap after GC invocations=1 (full 0):
 garbage-first heap   total 524288K, used 3035K [0x0000000601400000, 0x0000000800000000)
  region size 2048K, 2 young (4096K), 2 survivors (4096K)
 Metaspace       used 11173K, capacity 11343K, committed 11648K, reserved 1060864K
  class space    used 1000K, capacity 1029K, committed 1152K, reserved 1048576K
}

Deoptimization events (20 events):
Event: 0.463 Thread 0x00000296caaeb800 Uncommon trap: trap_request=0xffffff45 fr.pc=0x00000296d639ae88 relative=0x0000000000000368
Event: 0.463 Thread 0x00000296caaeb800 Uncommon trap: reason=unstable_if action=reinterpret pc=0x00000296d639ae88 method=java.lang.String.startsWith(Ljava/lang/String;I)Z @ 14 c2
Event: 0.463 Thread 0x00000296caaeb800 DEOPT PACKING pc=0x00000296d639ae88 sp=0x000000cb811fe8d0
Event: 0.463 Thread 0x00000296caaeb800 DEOPT UNPACKING pc=0x00000296ce80912f sp=0x000000cb811fe858 mode 2
Event: 0.466 Thread 0x00000296caaeb800 Uncommon trap: trap_request=0xffffff45 fr.pc=0x00000296d638d78c relative=0x000000000000022c
Event: 0.466 Thread 0x00000296caaeb800 Uncommon trap: reason=unstable_if action=reinterpret pc=0x00000296d638d78c method=java.lang.ThreadLocal$ThreadLocalMap.getEntry(Ljava/lang/ThreadLocal;)Ljava/lang/ThreadLocal$ThreadLocalMap$Entry; @ 29 c2
Event: 0.466 Thread 0x00000296caaeb800 DEOPT PACKING pc=0x00000296d638d78c sp=0x000000cb811fe920
Event: 0.466 Thread 0x00000296caaeb800 DEOPT UNPACKING pc=0x00000296ce80912f sp=0x000000cb811fe870 mode 2
Event: 0.466 Thread 0x00000296caaeb800 Uncommon trap: trap_request=0xffffff45 fr.pc=0x00000296d638f594 relative=0x00000000000001b4
Event: 0.466 Thread 0x00000296caaeb800 Uncommon trap: reason=unstable_if action=reinterpret pc=0x00000296d638f594 method=java.lang.ThreadLocal$ThreadLocalMap.getEntry(Ljava/lang/ThreadLocal;)Ljava/lang/ThreadLocal$ThreadLocalMap$Entry; @ 29 c2
Event: 0.466 Thread 0x00000296caaeb800 DEOPT PACKING pc=0x00000296d638f594 sp=0x000000cb811fe930
Event: 0.466 Thread 0x00000296caaeb800 DEOPT UNPACKING pc=0x00000296ce80912f sp=0x000000cb811fe8e8 mode 2
Event: 0.468 Thread 0x00000296caaeb800 Uncommon trap: trap_request=0xffffff45 fr.pc=0x00000296d63af400 relative=0x0000000000000320
Event: 0.468 Thread 0x00000296caaeb800 Uncommon trap: reason=unstable_if action=reinterpret pc=0x00000296d63af400 method=java.util.HashMap.hash(Ljava/lang/Object;)I @ 1 c2
Event: 0.468 Thread 0x00000296caaeb800 DEOPT PACKING pc=0x00000296d63af400 sp=0x000000cb811fe460
Event: 0.468 Thread 0x00000296caaeb800 DEOPT UNPACKING pc=0x00000296ce80912f sp=0x000000cb811fe3d8 mode 2
Event: 50.905 Thread 0x00000296caaeb800 DEOPT PACKING pc=0x00000296cf077911 sp=0x000000cb811fc270
Event: 50.905 Thread 0x00000296caaeb800 DEOPT UNPACKING pc=0x00000296ce80964e sp=0x000000cb811fb7c0 mode 0
Event: 50.905 Thread 0x00000296caaeb800 DEOPT PACKING pc=0x00000296cf0801f1 sp=0x000000cb811fc070
Event: 50.905 Thread 0x00000296caaeb800 DEOPT UNPACKING pc=0x00000296ce80964e sp=0x000000cb811fb720 mode 0

Classes unloaded (0 events):
No events

Classes redefined (4 events):
Event: 283.400 Thread 0x00000296f4a9f800 redefined class name=at.ac.tuwien.big.msm.cmgba.graphml.Main3, count=1
Event: 326.138 Thread 0x00000296f4a9f800 redefined class name=at.ac.tuwien.big.msm.cmgba.graphml.Main3, count=2
Event: 457.375 Thread 0x00000296f4a9f800 redefined class name=at.ac.tuwien.big.msm.cmgba.graphml.Main3, count=3
Event: 490.162 Thread 0x00000296f4a9f800 redefined class name=at.ac.tuwien.big.msm.cmgba.graphml.Main3, count=4

Internal exceptions (1 events):
Event: 0.468 Thread 0x00000296caaeb800 Implicit null exception at 0x00000296d63af113 to 0x00000296d63af3f4

Events (20 events):
Event: 490.175 Executing VM operation: GetFrameCount
Event: 490.175 Executing VM operation: GetFrameCount done
Event: 490.175 Executing VM operation: GetStackTrace
Event: 490.175 Executing VM operation: GetStackTrace done
Event: 490.178 Executing VM operation: GetFrameCount
Event: 490.178 Executing VM operation: GetFrameCount done
Event: 490.178 Executing VM operation: GetOwnedMonitorInfo
Event: 490.178 Executing VM operation: GetOwnedMonitorInfo done
Event: 490.178 Executing VM operation: GetCurrentContendedMonitor
Event: 490.178 Executing VM operation: GetCurrentContendedMonitor done
Event: 1129.393 Executing VM operation: ChangeBreakpoints
Event: 1129.393 Executing VM operation: ChangeBreakpoints done
Event: 1135.520 Executing VM operation: GetCurrentContendedMonitor
Event: 1135.520 Executing VM operation: GetCurrentContendedMonitor done
Event: 1135.520 Executing VM operation: GetOwnedMonitorInfo
Event: 1135.520 Executing VM operation: GetOwnedMonitorInfo done
Event: 1136.048 Executing VM operation: GetCurrentContendedMonitor
Event: 1136.048 Executing VM operation: GetCurrentContendedMonitor done
Event: 1136.048 Executing VM operation: GetOwnedMonitorInfo
Event: 1136.048 Executing VM operation: GetOwnedMonitorInfo done


Dynamic libraries:
0x00007ff6c3d50000 - 0x00007ff6c3d5d000 	C:\Users\Muhamed Smajevic\.p2\pool\plugins\org.eclipse.justj.openjdk.hotspot.jre.full.win32.x86_64_14.0.2.v20200815-0932\jre\bin\javaw.exe
0x00007ffc88bb0000 - 0x00007ffc88da5000 	C:\Windows\SYSTEM32\ntdll.dll
0x00007ffc882a0000 - 0x00007ffc8835d000 	C:\Windows\System32\KERNEL32.DLL
0x00007ffc86660000 - 0x00007ffc86927000 	C:\Windows\System32\KERNELBASE.dll
0x00007ffc86a90000 - 0x00007ffc86b90000 	C:\Windows\System32\ucrtbase.dll
0x00007ffc83b90000 - 0x00007ffc83ba8000 	C:\Users\Muhamed Smajevic\.p2\pool\plugins\org.eclipse.justj.openjdk.hotspot.jre.full.win32.x86_64_14.0.2.v20200815-0932\jre\bin\jli.dll
0x00007ffc81f20000 - 0x00007ffc81f35000 	C:\Users\Muhamed Smajevic\.p2\pool\plugins\org.eclipse.justj.openjdk.hotspot.jre.full.win32.x86_64_14.0.2.v20200815-0932\jre\bin\VCRUNTIME140.dll
0x00007ffc87770000 - 0x00007ffc87910000 	C:\Windows\System32\USER32.dll
0x00007ffc86be0000 - 0x00007ffc86c02000 	C:\Windows\System32\win32u.dll
0x00007ffc6e070000 - 0x00007ffc6e30b000 	C:\Windows\WinSxS\amd64_microsoft.windows.common-controls_6595b64144ccf1df_6.0.19041.488_none_ca04af081b815d21\COMCTL32.dll
0x00007ffc88890000 - 0x00007ffc888ba000 	C:\Windows\System32\GDI32.dll
0x00007ffc875a0000 - 0x00007ffc8763e000 	C:\Windows\System32\msvcrt.dll
0x00007ffc86440000 - 0x00007ffc86549000 	C:\Windows\System32\gdi32full.dll
0x00007ffc862f0000 - 0x00007ffc8638d000 	C:\Windows\System32\msvcp_win.dll
0x00007ffc88360000 - 0x00007ffc88390000 	C:\Windows\System32\IMM32.DLL
0x00007ffc6c500000 - 0x00007ffc6c59b000 	C:\Users\Muhamed Smajevic\.p2\pool\plugins\org.eclipse.justj.openjdk.hotspot.jre.full.win32.x86_64_14.0.2.v20200815-0932\jre\bin\msvcp140.dll
0x00007ffc3f8b0000 - 0x00007ffc403ce000 	C:\Users\Muhamed Smajevic\.p2\pool\plugins\org.eclipse.justj.openjdk.hotspot.jre.full.win32.x86_64_14.0.2.v20200815-0932\jre\bin\server\jvm.dll
0x00007ffc88a00000 - 0x00007ffc88aaa000 	C:\Windows\System32\ADVAPI32.dll
0x00007ffc88950000 - 0x00007ffc889eb000 	C:\Windows\System32\sechost.dll
0x00007ffc87640000 - 0x00007ffc87764000 	C:\Windows\System32\RPCRT4.dll
0x00007ffc881b0000 - 0x00007ffc881b8000 	C:\Windows\System32\PSAPI.DLL
0x00007ffc75180000 - 0x00007ffc75189000 	C:\Windows\SYSTEM32\WSOCK32.dll
0x00007ffc7d6f0000 - 0x00007ffc7d717000 	C:\Windows\SYSTEM32\WINMM.dll
0x00007ffc800a0000 - 0x00007ffc800aa000 	C:\Windows\SYSTEM32\VERSION.dll
0x00007ffc88820000 - 0x00007ffc8888b000 	C:\Windows\System32\WS2_32.dll
0x00007ffc84270000 - 0x00007ffc84283000 	C:\Windows\SYSTEM32\kernel.appcore.dll
0x00007ffc75150000 - 0x00007ffc7515a000 	C:\Users\Muhamed Smajevic\.p2\pool\plugins\org.eclipse.justj.openjdk.hotspot.jre.full.win32.x86_64_14.0.2.v20200815-0932\jre\bin\jimage.dll
0x00007ffc75600000 - 0x00007ffc757e4000 	C:\Windows\SYSTEM32\DBGHELP.DLL
0x00007ffc755d0000 - 0x00007ffc755fc000 	C:\Windows\SYSTEM32\dbgcore.DLL
0x00007ffc86580000 - 0x00007ffc865ff000 	C:\Windows\System32\bcryptPrimitives.dll
0x00007ffc72dd0000 - 0x00007ffc72e08000 	C:\Users\Muhamed Smajevic\.p2\pool\plugins\org.eclipse.justj.openjdk.hotspot.jre.full.win32.x86_64_14.0.2.v20200815-0932\jre\bin\jdwp.dll
0x00007ffc6f470000 - 0x00007ffc6f495000 	C:\Users\Muhamed Smajevic\.p2\pool\plugins\org.eclipse.justj.openjdk.hotspot.jre.full.win32.x86_64_14.0.2.v20200815-0932\jre\bin\java.dll
0x00007ffc81f10000 - 0x00007ffc81f1e000 	C:\Users\Muhamed Smajevic\.p2\pool\plugins\org.eclipse.justj.openjdk.hotspot.jre.full.win32.x86_64_14.0.2.v20200815-0932\jre\bin\instrument.dll
0x00007ffc70fa0000 - 0x00007ffc70fb6000 	C:\Users\Muhamed Smajevic\.p2\pool\plugins\org.eclipse.justj.openjdk.hotspot.jre.full.win32.x86_64_14.0.2.v20200815-0932\jre\bin\zip.dll
0x00007ffc86c20000 - 0x00007ffc87361000 	C:\Windows\System32\SHELL32.dll
0x00007ffc84470000 - 0x00007ffc84c03000 	C:\Windows\SYSTEM32\windows.storage.dll
0x00007ffc88390000 - 0x00007ffc886e5000 	C:\Windows\System32\combase.dll
0x00007ffc85d60000 - 0x00007ffc85d8c000 	C:\Windows\SYSTEM32\Wldp.dll
0x00007ffc874f0000 - 0x00007ffc8759e000 	C:\Windows\System32\SHCORE.dll
0x00007ffc88ab0000 - 0x00007ffc88b05000 	C:\Windows\System32\shlwapi.dll
0x00007ffc86220000 - 0x00007ffc86246000 	C:\Windows\SYSTEM32\profapi.dll
0x00007ffc81e30000 - 0x00007ffc81e3b000 	C:\Users\Muhamed Smajevic\.p2\pool\plugins\org.eclipse.justj.openjdk.hotspot.jre.full.win32.x86_64_14.0.2.v20200815-0932\jre\bin\dt_socket.dll
0x00007ffc85780000 - 0x00007ffc857bb000 	C:\Windows\SYSTEM32\IPHLPAPI.DLL
0x00007ffc85ae0000 - 0x00007ffc85b4a000 	C:\Windows\system32\mswsock.dll
0x00007ffc857d0000 - 0x00007ffc8589b000 	C:\Windows\SYSTEM32\DNSAPI.dll
0x00007ffc889f0000 - 0x00007ffc889f9000 	C:\Windows\System32\NSI.dll
0x00007ffc7f990000 - 0x00007ffc7f99a000 	C:\Windows\System32\rasadhlp.dll
0x00007ffc7e300000 - 0x00007ffc7e37f000 	C:\Windows\System32\fwpuclnt.dll
0x00007ffc86550000 - 0x00007ffc86577000 	C:\Windows\System32\bcrypt.dll
0x00007ffc6f450000 - 0x00007ffc6f469000 	C:\Users\Muhamed Smajevic\.p2\pool\plugins\org.eclipse.justj.openjdk.hotspot.jre.full.win32.x86_64_14.0.2.v20200815-0932\jre\bin\net.dll
0x00007ffc7fab0000 - 0x00007ffc7fbb0000 	C:\Windows\SYSTEM32\WINHTTP.dll
0x00007ffc6f430000 - 0x00007ffc6f442000 	C:\Users\Muhamed Smajevic\.p2\pool\plugins\org.eclipse.justj.openjdk.hotspot.jre.full.win32.x86_64_14.0.2.v20200815-0932\jre\bin\nio.dll
0x00007ffc738a0000 - 0x00007ffc738b0000 	C:\Users\Muhamed Smajevic\.p2\pool\plugins\org.eclipse.justj.openjdk.hotspot.jre.full.win32.x86_64_14.0.2.v20200815-0932\jre\bin\verify.dll

dbghelp: loaded successfully - version: 4.0.5 - missing functions: none
symbol engine: initialized successfully - sym options: 0x614 - pdb path: .;C:\Users\Muhamed Smajevic\.p2\pool\plugins\org.eclipse.justj.openjdk.hotspot.jre.full.win32.x86_64_14.0.2.v20200815-0932\jre\bin;C:\Windows\SYSTEM32;C:\Windows\WinSxS\amd64_microsoft.windows.common-controls_6595b64144ccf1df_6.0.19041.488_none_ca04af081b815d21;C:\Users\Muhamed Smajevic\.p2\pool\plugins\org.eclipse.justj.openjdk.hotspot.jre.full.win32.x86_64_14.0.2.v20200815-0932\jre\bin\server

VM Arguments:
jvm_args: -XX:+ShowCodeDetailsInExceptionMessages -agentlib:jdwp=transport=dt_socket,suspend=y,address=localhost:50907 -javaagent:C:\Users\Muhamed Smajevic\eclipse\modeling-2020-09\eclipse\configuration\org.eclipse.osgi\583\0\.cp\lib\javaagent-shaded.jar -Dfile.encoding=UTF-8 
java_command: at.ac.tuwien.big.msm.cmgba.graphml.Main3
java_class_path (initial): C:\Users\Muhamed Smajevic\Documents\GitHub\Smajevic.Metamodel2Graph\at.ac.tuwien.big.msm.cmgba.graphml\bin;C:\Users\Muhamed Smajevic\.p2\pool\plugins\org.eclipse.emf.ecore_2.23.0.v20200630-0516.jar;C:\Users\Muhamed Smajevic\.p2\pool\plugins\org.eclipse.emf.common_2.20.0.v20200822-0801.jar;C:\Users\Muhamed Smajevic\.p2\pool\plugins\org.eclipse.core.runtime_3.19.0.v20200724-1004.jar;C:\Users\Muhamed Smajevic\.p2\pool\plugins\org.eclipse.osgi_3.16.0.v20200828-0759.jar;C:\Users\Muhamed Smajevic\.p2\pool\plugins\org.eclipse.osgi.compatibility.state_1.2.100.v20200811-1344.jar;C:\Users\Muhamed Smajevic\.p2\pool\plugins\org.eclipse.equinox.common_3.13.0.v20200828-1034.jar;C:\Users\Muhamed Smajevic\.p2\pool\plugins\org.eclipse.core.jobs_3.10.800.v20200421-0950.jar;C:\Users\Muhamed Smajevic\.p2\pool\plugins\org.eclipse.equinox.registry_3.9.0.v20200625-1425.jar;C:\Users\Muhamed Smajevic\.p2\pool\plugins\org.eclipse.equinox.preferences_3.8.0.v20200422-1833.jar;C:\Users\Muhamed Smajevic\.p2\pool\plugins\org.eclipse.core.contenttype_3.7.800.v20200724-0804.jar;C:\Users\Muhamed Smajevic\.p2\pool\plugins\org.eclipse.equinox.app_1.5.0.v20200717-0620.jar;C:\Users\Muhamed Smajevic\.p2\pool\plugins\org.eclipse.emf.ecore.xmi_2.16.0.v20190528-0725.jar;C:\Users\Muhamed Smajevic\Documents\GitHub\Smajevic.Metamodel2Graph\at.ac.tuwien.big.msm.cmgba.atl\bin
Launcher Type: SUN_STANDARD

[Global flags]
     intx CICompilerCount                          = 12                                        {product} {ergonomic}
     uint ConcGCThreads                            = 3                                         {product} {ergonomic}
     uint G1ConcRefinementThreads                  = 13                                        {product} {ergonomic}
   size_t G1HeapRegionSize                         = 2097152                                   {product} {ergonomic}
    uintx GCDrainStackTargetSize                   = 64                                        {product} {ergonomic}
   size_t InitialHeapSize                          = 536870912                                 {product} {ergonomic}
   size_t MarkStackSize                            = 4194304                                   {product} {ergonomic}
   size_t MaxHeapSize                              = 8568963072                                {product} {ergonomic}
   size_t MaxNewSize                               = 5140119552                                {product} {ergonomic}
   size_t MinHeapDeltaBytes                        = 2097152                                   {product} {ergonomic}
   size_t MinHeapSize                              = 8388608                                   {product} {ergonomic}
    uintx NonNMethodCodeHeapSize                   = 7602480                                {pd product} {ergonomic}
    uintx NonProfiledCodeHeapSize                  = 122027880                              {pd product} {ergonomic}
    uintx ProfiledCodeHeapSize                     = 122027880                              {pd product} {ergonomic}
    uintx ReservedCodeCacheSize                    = 251658240                              {pd product} {ergonomic}
     bool SegmentedCodeCache                       = true                                      {product} {ergonomic}
     bool ShowCodeDetailsInExceptionMessages       = true                                   {manageable} {command line}
   size_t SoftMaxHeapSize                          = 8568963072                             {manageable} {ergonomic}
     bool UseCompressedClassPointers               = true                                 {lp64_product} {ergonomic}
     bool UseCompressedOops                        = true                                 {lp64_product} {ergonomic}
     bool UseG1GC                                  = true                                      {product} {ergonomic}
     bool UseLargePagesIndividualAllocation        = false                                  {pd product} {ergonomic}

Logging:
Log output configuration:
 #0: stdout all=warning uptime,level,tags
 #1: stderr all=off uptime,level,tags

Environment Variables:
PATH=C:\Users\Muhamed Smajevic\.p2\pool\plugins\org.eclipse.justj.openjdk.hotspot.jre.full.win32.x86_64_14.0.2.v20200815-0932\jre\bin;C:/Users/Muhamed Smajevic/.p2/pool/plugins/org.eclipse.justj.openjdk.hotspot.jre.full.win32.x86_64_14.0.2.v20200815-0932/jre/bin/server;C:/Users/Muhamed Smajevic/.p2/pool/plugins/org.eclipse.justj.openjdk.hotspot.jre.full.win32.x86_64_14.0.2.v20200815-0932/jre/bin;C:\Windows\system32;C:\Windows;C:\Windows\System32\Wbem;C:\Windows\System32\WindowsPowerShell\v1.0\;C:\Windows\System32\OpenSSH\;C:\Program Files (x86)\NVIDIA Corporation\PhysX\Common;C:\Program Files\NVIDIA Corporation\NVIDIA NvDLISR;C:\Users\Muhamed Smajevic\AppData\Local\Microsoft\WindowsApps;C:\Users\Muhamed Smajevic\AppData\Local\GitHubDesktop\bin;C:\Windows\system32;
USERNAME=Muhamed Smajevic
OS=Windows_NT
PROCESSOR_IDENTIFIER=Intel64 Family 6 Model 165 Stepping 5, GenuineIntel



---------------  S Y S T E M  ---------------

OS: Windows 10 , 64 bit Build 19041 (10.0.19041.292)
OS uptime: 0 days 6:15 hours

CPU:total 16 (initial active 16) (8 cores per cpu, 2 threads per core) family 6 model 165 stepping 5, cmov, cx8, fxsr, mmx, sse, sse2, sse3, ssse3, sse4.1, sse4.2, popcnt, avx, avx2, aes, clmul, erms, 3dnowpref, lzcnt, ht, tsc, tscinvbit, bmi1, bmi2, adx, fma

Memory: 4k page, system-wide physical 32682M (26647M free)
TotalPageFile size 37802M (AvailPageFile size 29177M)
current process WorkingSet (physical memory assigned to process): 85M, peak: 112M
current process commit charge ("private bytes"): 634M, peak: 662M

vm_info: OpenJDK 64-Bit Server VM (14.0.2+12-46) for windows-amd64 JRE (14.0.2+12-46), built on Jul  9 2020 00:31:16 by "mach5one" with MS VC++ 15.9 (VS2017)

END.
